app/build/intermediates/manifest_merge_blame_file/release/processReleaseMainManifest/manifest-merger-blame-release-report.txt
1<?xml version="1.0" encoding="utf-8"?>
2<manifest xmlns:android="http://schemas.android.com/apk/res/android"
3    package="com.stereotip.simdata"
4    android:versionCode="2"
5    android:versionName="1.06" >
6
7    <uses-sdk
8        android:minSdkVersion="24"
9        android:targetSdkVersion="34" />
10
11    <uses-permission android:name="android.permission.READ_SMS" />
11-->src\main\AndroidManifest.xml:5:5-67
11-->src\main\AndroidManifest.xml:5:22-64
12    <uses-permission android:name="android.permission.RECEIVE_SMS" />
12-->src\main\AndroidManifest.xml:6:5-70
12-->src\main\AndroidManifest.xml:6:22-67
13    <uses-permission android:name="android.permission.READ_PHONE_STATE" />
13-->src\main\AndroidManifest.xml:7:5-75
13-->src\main\AndroidManifest.xml:7:22-72
14    <uses-permission android:name="android.permission.READ_PHONE_NUMBERS" />
14-->src\main\AndroidManifest.xml:8:5-77
14-->src\main\AndroidManifest.xml:8:22-74
15    <uses-permission android:name="android.permission.CALL_PHONE" />
15-->src\main\AndroidManifest.xml:9:5-69
15-->src\main\AndroidManifest.xml:9:22-66
16    <uses-permission android:name="android.permission.ACCESS_NETWORK_STATE" />
16-->src\main\AndroidManifest.xml:10:5-79
16-->src\main\AndroidManifest.xml:10:22-76
17    <uses-permission android:name="android.permission.INTERNET" />
17-->src\main\AndroidManifest.xml:11:5-67
17-->src\main\AndroidManifest.xml:11:22-64
18    <uses-permission android:name="android.permission.ACCESS_WIFI_STATE" />
18-->src\main\AndroidManifest.xml:12:5-76
18-->src\main\AndroidManifest.xml:12:22-73
19    <uses-permission android:name="android.permission.QUERY_ALL_PACKAGES" />
19-->src\main\AndroidManifest.xml:13:5-77
19-->src\main\AndroidManifest.xml:13:22-74
20    <uses-permission android:name="android.permission.REQUEST_INSTALL_PACKAGES" />
20-->src\main\AndroidManifest.xml:14:5-83
20-->src\main\AndroidManifest.xml:14:22-80
21    <uses-permission android:name="android.permission.SYSTEM_ALERT_WINDOW" />
21-->src\main\AndroidManifest.xml:15:5-78
21-->src\main\AndroidManifest.xml:15:22-75
22
23    <permission
23-->[androidx.core:core:1.12.0] AndroidManifest.xml:22:5-24:47
24        android:name="com.stereotip.simdata.DYNAMIC_RECEIVER_NOT_EXPORTED_PERMISSION"
24-->[androidx.core:core:1.12.0] AndroidManifest.xml:23:9-81
25        android:protectionLevel="signature" />
25-->[androidx.core:core:1.12.0] AndroidManifest.xml:24:9-44
26
27    <uses-permission android:name="com.stereotip.simdata.DYNAMIC_RECEIVER_NOT_EXPORTED_PERMISSION" />
27-->[androidx.core:core:1.12.0] AndroidManifest.xml:26:5-97
27-->[androidx.core:core:1.12.0] AndroidManifest.xml:26:22-94
28
29    <application
29-->src\main\AndroidManifest.xml:17:5-118:19
30        android:allowBackup="true"
30-->src\main\AndroidManifest.xml:18:9-35
31        android:appComponentFactory="androidx.core.app.CoreComponentFactory"
31-->[androidx.core:core:1.12.0] AndroidManifest.xml:28:18-86
32        android:extractNativeLibs="false"
33        android:icon="@mipmap/ic_launcher"
33-->src\main\AndroidManifest.xml:19:9-43
34        android:label="יתרת גלישה"
34-->src\main\AndroidManifest.xml:20:9-35
35        android:roundIcon="@mipmap/ic_launcher_round"
35-->src\main\AndroidManifest.xml:21:9-54
36        android:supportsRtl="true"
36-->src\main\AndroidManifest.xml:22:9-35
37        android:theme="@style/Theme.SimData" >
37-->src\main\AndroidManifest.xml:23:9-45
38        <provider
39            android:name="androidx.core.content.FileProvider"
39-->src\main\AndroidManifest.xml:26:13-62
40            android:authorities="com.stereotip.simdata.provider"
40-->src\main\AndroidManifest.xml:27:13-60
41            android:exported="false"
41-->src\main\AndroidManifest.xml:28:13-37
42            android:grantUriPermissions="true" >
42-->src\main\AndroidManifest.xml:29:13-47
43            <meta-data
43-->src\main\AndroidManifest.xml:30:13-32:54
44                android:name="android.support.FILE_PROVIDER_PATHS"
44-->src\main\AndroidManifest.xml:31:17-67
45                android:resource="@xml/file_paths" />
45-->src\main\AndroidManifest.xml:32:17-51
46        </provider>
47
48        <service
48-->src\main\AndroidManifest.xml:35:9-37:40
49            android:name="com.stereotip.simdata.UpdateOverlayService"
49-->src\main\AndroidManifest.xml:36:13-49
50            android:exported="false" />
50-->src\main\AndroidManifest.xml:37:13-37
51
52        <receiver
52-->src\main\AndroidManifest.xml:39:9-46:20
53            android:name="com.stereotip.simdata.receiver.SmsReceiver"
53-->src\main\AndroidManifest.xml:40:13-49
54            android:enabled="true"
54-->src\main\AndroidManifest.xml:41:13-35
55            android:exported="true" >
55-->src\main\AndroidManifest.xml:42:13-36
56            <intent-filter android:priority="999" >
56-->src\main\AndroidManifest.xml:43:13-45:29
56-->src\main\AndroidManifest.xml:43:28-50
57                <action android:name="android.provider.Telephony.SMS_RECEIVED" />
57-->src\main\AndroidManifest.xml:44:17-82
57-->src\main\AndroidManifest.xml:44:25-79
58            </intent-filter>
59        </receiver>
60
61        <activity
61-->src\main\AndroidManifest.xml:48:9-56:20
62            android:name="com.stereotip.simdata.LauncherActivity"
62-->src\main\AndroidManifest.xml:49:13-45
63            android:exported="true"
63-->src\main\AndroidManifest.xml:50:13-36
64            android:screenOrientation="landscape" >
64-->src\main\AndroidManifest.xml:51:13-50
65            <intent-filter>
65-->src\main\AndroidManifest.xml:52:13-55:29
66                <action android:name="android.intent.action.MAIN" />
66-->src\main\AndroidManifest.xml:53:17-69
66-->src\main\AndroidManifest.xml:53:25-66
67
68                <category android:name="android.intent.category.LAUNCHER" />
68-->src\main\AndroidManifest.xml:54:17-77
68-->src\main\AndroidManifest.xml:54:27-74
69            </intent-filter>
70        </activity>
71        <activity
71-->src\main\AndroidManifest.xml:58:9-61:53
72            android:name="com.stereotip.simdata.RequiredAppsActivity"
72-->src\main\AndroidManifest.xml:59:13-49
73            android:exported="false"
73-->src\main\AndroidManifest.xml:60:13-37
74            android:screenOrientation="landscape" />
74-->src\main\AndroidManifest.xml:61:13-50
75        <activity
75-->src\main\AndroidManifest.xml:63:9-66:53
76            android:name="com.stereotip.simdata.MainActivity"
76-->src\main\AndroidManifest.xml:64:13-41
77            android:exported="false"
77-->src\main\AndroidManifest.xml:65:13-37
78            android:screenOrientation="landscape" />
78-->src\main\AndroidManifest.xml:66:13-50
79        <activity
79-->src\main\AndroidManifest.xml:68:9-71:53
80            android:name="com.stereotip.simdata.WarrantyPromptActivity"
80-->src\main\AndroidManifest.xml:69:13-51
81            android:exported="false"
81-->src\main\AndroidManifest.xml:70:13-37
82            android:screenOrientation="landscape" />
82-->src\main\AndroidManifest.xml:71:13-50
83        <activity
83-->src\main\AndroidManifest.xml:73:9-76:53
84            android:name="com.stereotip.simdata.ResultActivity"
84-->src\main\AndroidManifest.xml:74:13-43
85            android:exported="false"
85-->src\main\AndroidManifest.xml:75:13-37
86            android:screenOrientation="landscape" />
86-->src\main\AndroidManifest.xml:76:13-50
87        <activity
87-->src\main\AndroidManifest.xml:78:9-81:53
88            android:name="com.stereotip.simdata.RegistrationActivity"
88-->src\main\AndroidManifest.xml:79:13-49
89            android:exported="false"
89-->src\main\AndroidManifest.xml:80:13-37
90            android:screenOrientation="landscape" />
90-->src\main\AndroidManifest.xml:81:13-50
91        <activity
91-->src\main\AndroidManifest.xml:83:9-86:53
92            android:name="com.stereotip.simdata.CustomerDetailsActivity"
92-->src\main\AndroidManifest.xml:84:13-52
93            android:exported="false"
93-->src\main\AndroidManifest.xml:85:13-37
94            android:screenOrientation="landscape" />
94-->src\main\AndroidManifest.xml:86:13-50
95        <activity
95-->src\main\AndroidManifest.xml:88:9-91:53
96            android:name="com.stereotip.simdata.TechnicianActivity"
96-->src\main\AndroidManifest.xml:89:13-47
97            android:exported="false"
97-->src\main\AndroidManifest.xml:90:13-37
98            android:screenOrientation="landscape" />
98-->src\main\AndroidManifest.xml:91:13-50
99        <activity
99-->src\main\AndroidManifest.xml:93:9-96:53
100            android:name="com.stereotip.simdata.SupportActivity"
100-->src\main\AndroidManifest.xml:94:13-44
101            android:exported="false"
101-->src\main\AndroidManifest.xml:95:13-37
102            android:screenOrientation="landscape" />
102-->src\main\AndroidManifest.xml:96:13-50
103        <activity
103-->src\main\AndroidManifest.xml:98:9-101:53
104            android:name="com.stereotip.simdata.PackagesActivity"
104-->src\main\AndroidManifest.xml:99:13-45
105            android:exported="false"
105-->src\main\AndroidManifest.xml:100:13-37
106            android:screenOrientation="landscape" />
106-->src\main\AndroidManifest.xml:101:13-50
107        <activity
107-->src\main\AndroidManifest.xml:103:9-106:53
108            android:name="com.stereotip.simdata.NetworkCheckActivity"
108-->src\main\AndroidManifest.xml:104:13-49
109            android:exported="false"
109-->src\main\AndroidManifest.xml:105:13-37
110            android:screenOrientation="landscape" />
110-->src\main\AndroidManifest.xml:106:13-50
111        <activity
111-->src\main\AndroidManifest.xml:108:9-111:53
112            android:name="com.stereotip.simdata.BalanceActivity"
112-->src\main\AndroidManifest.xml:109:13-44
113            android:exported="false"
113-->src\main\AndroidManifest.xml:110:13-37
114            android:screenOrientation="landscape" />
114-->src\main\AndroidManifest.xml:111:13-50
115        <activity
115-->src\main\AndroidManifest.xml:113:9-116:53
116            android:name="com.stereotip.simdata.UpdateActivity"
116-->src\main\AndroidManifest.xml:114:13-43
117            android:exported="false"
117-->src\main\AndroidManifest.xml:115:13-37
118            android:screenOrientation="landscape" />
118-->src\main\AndroidManifest.xml:116:13-50
119
120        <provider
120-->[androidx.emoji2:emoji2:1.2.0] AndroidManifest.xml:24:9-32:20
121            android:name="androidx.startup.InitializationProvider"
121-->[androidx.emoji2:emoji2:1.2.0] AndroidManifest.xml:25:13-67
122            android:authorities="com.stereotip.simdata.androidx-startup"
122-->[androidx.emoji2:emoji2:1.2.0] AndroidManifest.xml:26:13-68
123            android:exported="false" >
123-->[androidx.emoji2:emoji2:1.2.0] AndroidManifest.xml:27:13-37
124            <meta-data
124-->[androidx.emoji2:emoji2:1.2.0] AndroidManifest.xml:29:13-31:52
125                android:name="androidx.emoji2.text.EmojiCompatInitializer"
125-->[androidx.emoji2:emoji2:1.2.0] AndroidManifest.xml:30:17-75
126                android:value="androidx.startup" />
126-->[androidx.emoji2:emoji2:1.2.0] AndroidManifest.xml:31:17-49
127            <meta-data
127-->[androidx.lifecycle:lifecycle-process:2.6.1] AndroidManifest.xml:29:13-31:52
128                android:name="androidx.lifecycle.ProcessLifecycleInitializer"
128-->[androidx.lifecycle:lifecycle-process:2.6.1] AndroidManifest.xml:30:17-78
129                android:value="androidx.startup" />
129-->[androidx.lifecycle:lifecycle-process:2.6.1] AndroidManifest.xml:31:17-49
130            <meta-data
130-->[androidx.profileinstaller:profileinstaller:1.3.0] AndroidManifest.xml:29:13-31:52
131                android:name="androidx.profileinstaller.ProfileInstallerInitializer"
131-->[androidx.profileinstaller:profileinstaller:1.3.0] AndroidManifest.xml:30:17-85
132                android:value="androidx.startup" />
132-->[androidx.profileinstaller:profileinstaller:1.3.0] AndroidManifest.xml:31:17-49
133        </provider>
134
135        <service
135-->[com.google.firebase:firebase-firestore-ktx:25.1.1] AndroidManifest.xml:9:9-15:19
136            android:name="com.google.firebase.components.ComponentDiscoveryService"
136-->[com.google.firebase:firebase-firestore-ktx:25.1.1] AndroidManifest.xml:10:13-84
137            android:directBootAware="true"
137-->[com.google.firebase:firebase-common:21.0.0] AndroidManifest.xml:32:13-43
138            android:exported="false" >
138-->[com.google.firebase:firebase-firestore-ktx:25.1.1] AndroidManifest.xml:11:13-37
139            <meta-data
139-->[com.google.firebase:firebase-firestore-ktx:25.1.1] AndroidManifest.xml:12:13-14:85
140                android:name="com.google.firebase.components:com.google.firebase.firestore.ktx.FirebaseFirestoreLegacyRegistrar"
140-->[com.google.firebase:firebase-firestore-ktx:25.1.1] AndroidManifest.xml:13:17-129
141                android:value="com.google.firebase.components.ComponentRegistrar" />
141-->[com.google.firebase:firebase-firestore-ktx:25.1.1] AndroidManifest.xml:14:17-82
142            <meta-data
142-->[com.google.firebase:firebase-firestore:25.1.1] AndroidManifest.xml:17:13-19:85
143                android:name="com.google.firebase.components:com.google.firebase.firestore.FirebaseFirestoreKtxRegistrar"
143-->[com.google.firebase:firebase-firestore:25.1.1] AndroidManifest.xml:18:17-122
144                android:value="com.google.firebase.components.ComponentRegistrar" />
144-->[com.google.firebase:firebase-firestore:25.1.1] AndroidManifest.xml:19:17-82
145            <meta-data
145-->[com.google.firebase:firebase-firestore:25.1.1] AndroidManifest.xml:20:13-22:85
146                android:name="com.google.firebase.components:com.google.firebase.firestore.FirestoreRegistrar"
146-->[com.google.firebase:firebase-firestore:25.1.1] AndroidManifest.xml:21:17-111
147                android:value="com.google.firebase.components.ComponentRegistrar" />
147-->[com.google.firebase:firebase-firestore:25.1.1] AndroidManifest.xml:22:17-82
148            <meta-data
148-->[com.google.firebase:firebase-common-ktx:21.0.0] AndroidManifest.xml:12:13-14:85
149                android:name="com.google.firebase.components:com.google.firebase.ktx.FirebaseCommonLegacyRegistrar"
149-->[com.google.firebase:firebase-common-ktx:21.0.0] AndroidManifest.xml:13:17-116
150                android:value="com.google.firebase.components.ComponentRegistrar" />
150-->[com.google.firebase:firebase-common-ktx:21.0.0] AndroidManifest.xml:14:17-82
151            <meta-data
151-->[com.google.firebase:firebase-common:21.0.0] AndroidManifest.xml:35:13-37:85
152                android:name="com.google.firebase.components:com.google.firebase.FirebaseCommonKtxRegistrar"
152-->[com.google.firebase:firebase-common:21.0.0] AndroidManifest.xml:36:17-109
153                android:value="com.google.firebase.components.ComponentRegistrar" />
153-->[com.google.firebase:firebase-common:21.0.0] AndroidManifest.xml:37:17-82
154        </service>
155
156        <activity
156-->[com.google.android.gms:play-services-base:18.0.1] AndroidManifest.xml:20:9-22:45
157            android:name="com.google.android.gms.common.api.GoogleApiActivity"
157-->[com.google.android.gms:play-services-base:18.0.1] AndroidManifest.xml:20:19-85
158            android:exported="false"
158-->[com.google.android.gms:play-services-base:18.0.1] AndroidManifest.xml:22:19-43
159            android:theme="@android:style/Theme.Translucent.NoTitleBar" />
159-->[com.google.android.gms:play-services-base:18.0.1] AndroidManifest.xml:21:19-78
160
161        <provider
161-->[com.google.firebase:firebase-common:21.0.0] AndroidManifest.xml:23:9-28:39
162            android:name="com.google.firebase.provider.FirebaseInitProvider"
162-->[com.google.firebase:firebase-common:21.0.0] AndroidManifest.xml:24:13-77
163            android:authorities="com.stereotip.simdata.firebaseinitprovider"
163-->[com.google.firebase:firebase-common:21.0.0] AndroidManifest.xml:25:13-72
164            android:directBootAware="true"
164-->[com.google.firebase:firebase-common:21.0.0] AndroidManifest.xml:26:13-43
165            android:exported="false"
165-->[com.google.firebase:firebase-common:21.0.0] AndroidManifest.xml:27:13-37
166            android:initOrder="100" />
166-->[com.google.firebase:firebase-common:21.0.0] AndroidManifest.xml:28:13-36
167
168        <meta-data
168-->[com.google.android.gms:play-services-basement:18.3.0] AndroidManifest.xml:21:9-23:69
169            android:name="com.google.android.gms.version"
169-->[com.google.android.gms:play-services-basement:18.3.0] AndroidManifest.xml:22:13-58
170            android:value="@integer/google_play_services_version" />
170-->[com.google.android.gms:play-services-basement:18.3.0] AndroidManifest.xml:23:13-66
171
172        <receiver
172-->[androidx.profileinstaller:profileinstaller:1.3.0] AndroidManifest.xml:34:9-52:20
173            android:name="androidx.profileinstaller.ProfileInstallReceiver"
173-->[androidx.profileinstaller:profileinstaller:1.3.0] AndroidManifest.xml:35:13-76
174            android:directBootAware="false"
174-->[androidx.profileinstaller:profileinstaller:1.3.0] AndroidManifest.xml:36:13-44
175            android:enabled="true"
175-->[androidx.profileinstaller:profileinstaller:1.3.0] AndroidManifest.xml:37:13-35
176            android:exported="true"
176-->[androidx.profileinstaller:profileinstaller:1.3.0] AndroidManifest.xml:38:13-36
177            android:permission="android.permission.DUMP" >
177-->[androidx.profileinstaller:profileinstaller:1.3.0] AndroidManifest.xml:39:13-57
178            <intent-filter>
178-->[androidx.profileinstaller:profileinstaller:1.3.0] AndroidManifest.xml:40:13-42:29
179                <action android:name="androidx.profileinstaller.action.INSTALL_PROFILE" />
179-->[androidx.profileinstaller:profileinstaller:1.3.0] AndroidManifest.xml:41:17-91
179-->[androidx.profileinstaller:profileinstaller:1.3.0] AndroidManifest.xml:41:25-88
180            </intent-filter>
181            <intent-filter>
181-->[androidx.profileinstaller:profileinstaller:1.3.0] AndroidManifest.xml:43:13-45:29
182                <action android:name="androidx.profileinstaller.action.SKIP_FILE" />
182-->[androidx.profileinstaller:profileinstaller:1.3.0] AndroidManifest.xml:44:17-85
182-->[androidx.profileinstaller:profileinstaller:1.3.0] AndroidManifest.xml:44:25-82
183            </intent-filter>
184            <intent-filter>
184-->[androidx.profileinstaller:profileinstaller:1.3.0] AndroidManifest.xml:46:13-48:29
185                <action android:name="androidx.profileinstaller.action.SAVE_PROFILE" />
185-->[androidx.profileinstaller:profileinstaller:1.3.0] AndroidManifest.xml:47:17-88
185-->[androidx.profileinstaller:profileinstaller:1.3.0] AndroidManifest.xml:47:25-85
186            </intent-filter>
187            <intent-filter>
187-->[androidx.profileinstaller:profileinstaller:1.3.0] AndroidManifest.xml:49:13-51:29
188                <action android:name="androidx.profileinstaller.action.BENCHMARK_OPERATION" />
188-->[androidx.profileinstaller:profileinstaller:1.3.0] AndroidManifest.xml:50:17-95
188-->[androidx.profileinstaller:profileinstaller:1.3.0] AndroidManifest.xml:50:25-92
189            </intent-filter>
190        </receiver>
191    </application>
192
193</manifest>